Drill Listing
=============
Drill: .00984  Tool: 1  Feed: 0  Speed: 0
X 105200  Y 101640
X 112200  Y 101640
X 119200  Y 101640
X 108700  Y 103040
X 114400  Y 105240
X 105200  Y 105640
X 111010  Y 106230
X 116300  Y 106240
X 122097  Y 107040
X 105200  Y 110390
X 105200  Y 114890
X 116500  Y 117840
X 107500  Y 118210
X 112150  Y 118240
X 123000  Y 118840
X 117640  Y 119660
X 113500  Y 121240
X 112000  Y 122790
X 113500  Y 124340
X 112000  Y 125890
X 113500  Y 127440
X 112000  Y 128990
X 117900  Y 130530
X 121310  Y 130530
X 107840  Y 131210
X 110700  Y 131240
X 113500  Y 131240
X 116200  Y 131740
X 119600  Y 131740
X 123000  Y 131740
X 105200  Y 132740
X 105200  Y 136840
X 105200  Y 142490
X 117000  Y 143240
X 112100  Y 143240
X 122010  Y 143240
X 112660  Y 148140
X 118300  Y 148140
X 124000  Y 148140
X 107000  Y 151240
X 121000  Y 151240
X 114000  Y 151240
X 105200  Y 154240
X 112200  Y 154240
X 119200  Y 154240
X 101700  Y 154326
X 126200  Y 154240
X 133200  Y 154240
X 147750  Y 154240
X 140200  Y 154240
X 146480  Y 152600
X 128000  Y 151240
X 135000  Y 151240
X 140200  Y 151240
X 145000  Y 151100
X 143964  Y 149285
X 138843  Y 148928
X 141902  Y 148710
X 128400  Y 148140
X 133500  Y 148140
X 136145  Y 148004
X 140640  Y 147090
X 148870  Y 146630
X 138570  Y 145850
X 142540  Y 145560
X 148970  Y 144300
X 136500  Y 143790
X 141610  Y 143780
X 143470  Y 143080
X 127500  Y 142040
X 136456  Y 141483
X 133790  Y 141460
X 135000  Y 139690
X 138250  Y 139690
X 130100  Y 138990
X 127500  Y 138740
X 133300  Y 138440
X 148737  Y 138263
X 139760  Y 138190
X 128250  Y 136040
X 127100  Y 134170
X 137034  Y 131299
X 131800  Y 129330
X 137034  Y 128543
X 134278  Y 128543
X 144121  Y 128543
X 141365  Y 128543
X 141365  Y 124212
X 137034  Y 124212
X 134278  Y 124212
X 144121  Y 124212
X 146650  Y 124000
X 137034  Y 121456
X 141365  Y 121456
X 146650  Y 120730
X 127250  Y 119477
X 132310  Y 119040
X 149450  Y 117890
X 128519  Y 116839
X 149670  Y 115820
X 140200  Y 114440
X 127800  Y 109380
X 147600  Y 108810
X 136300  Y 108590
X 141850  Y 108540
X 149650  Y 108390
X 133100  Y 108190
X 144800  Y 107240
X 134880  Y 107040
X 141100  Y 105730
X 146490  Y 105680
X 143600  Y 103040
X 126200  Y 101640
X 140200  Y 101640
X 133200  Y 101640
X 150600  Y 103040
X 157600  Y 103040
X 165700  Y 103040
X 161720  Y 105040
X 152440  Y 105600
X 165700  Y 108200
X 154780  Y 108200
X 160500  Y 108200
X 154150  Y 111340
X 165700  Y 112490
X 160500  Y 112490
X 156000  Y 112490
X 160730  Y 116690
X 155600  Y 116730
X 158300  Y 116740
X 163610  Y 117740
X 157580  Y 118740
X 155210  Y 119010
X 164500  Y 119740
X 153000  Y 119950
X 165700  Y 121840
X 152780  Y 122240
X 165700  Y 124540
X 152770  Y 124740
X 165700  Y 127240
X 165700  Y 130340
X 152530  Y 132010
X 165700  Y 132800
X 154562  Y 134036
X 162550  Y 135200
X 156500  Y 135250
X 165550  Y 135440
X 161500  Y 139550
X 165700  Y 139550
X 158150  Y 139550
X 150278  Y 142260
X 152440  Y 142700
X 154500  Y 143750
X 152710  Y 145150
X 156618  Y 146022
X 161497  Y 146076
X 165700  Y 146140
X 154000  Y 148240
X 158982  Y 148258
X 163490  Y 148260
X 150240  Y 148410
X 151840  Y 149930
X 165700  Y 150340
X 161000  Y 151240
X 156500  Y 151240
X 152980  Y 151940
X 156500  Y 153540
X 161780  Y 153540
X 159306  Y 153540
X 153250  Y 154240
X 165700  Y 154240
X 169200  Y 154326

Drill: .02165  Tool: 2  Feed: 197  Speed: 550
X 100000  Y 103543
X 100000  Y 109448
X 100000  Y 115354
X 100000  Y 121259
X 100000  Y 127165
X 100000  Y 133070
X 100000  Y 138976
X 100000  Y 144881
X 100000  Y 150787
X 170866  Y 150787
X 170866  Y 144881
X 170866  Y 138976
X 170866  Y 133070
X 170866  Y 127165
X 170866  Y 121259
X 170866  Y 115354
X 170866  Y 109448
X 170866  Y 103543

End of Listing
